<?xml version="1.0" encoding="utf-8"?><testsuites><testsuite name="pytest" errors="0" failures="0" skipped="0" tests="6" time="0.588" timestamp="2023-10-03T22:42:16.608289" hostname="DESKTOP-UDNHV41"><testcase classname="core.tests.tests_convert_to_docker_compose_file" name="test_added_apps_without_dockerfile_200" time="0.399" /><testcase classname="core.tests.tests_convert_to_docker_compose_file" name="test_added_apps_with_dockerfile_200" time="0.008" /><testcase classname="core.tests.tests_convert_to_docker_compose_file" name="test_not_allowed_method_405" time="0.003" /><testcase classname="core.tests.tests_get_docker_image_code" name="test_get_docker_image_200" time="0.003" /><testcase classname="core.tests.tests_get_docker_image_code" name="test_none_docker_image_404" time="0.003" /><testcase classname="core.tests.tests_get_docker_image_code" name="test_not_allowed_method_405" time="0.005" /></testsuite></testsuites>